C:\ObjectARX Labs\ADSKEntity\ADSKEntity\x64\Debug\ADSKADSKEntity.lib
C:\ObjectARX Labs\ADSKEntity\ADSKEntity\x64\Debug\ADSKADSKEntity.exp
C:\OBJECTARX LABS\ADSKENTITY\ADSKENTITY\X64\DEBUG\ADSKENTITY.PCH
C:\OBJECTARX LABS\ADSKENTITY\ADSKENTITY\X64\DEBUG\STDAFX.OBJ
C:\OBJECTARX LABS\ADSKENTITY\ADSKENTITY\X64\DEBUG\VC110.PDB
C:\OBJECTARX LABS\ADSKENTITY\ADSKENTITY\X64\DEBUG\ACRXENTRYPOINT.OBJ
C:\OBJECTARX LABS\ADSKENTITY\ADSKENTITY\X64\DEBUG\ADSKENTITY.OBJ
C:\OBJECTARX LABS\ADSKENTITY\ADSKENTITY\X64\DEBUG\ADSKMYENTITY.OBJ
C:\OBJECTARX LABS\ADSKENTITY\ADSKENTITY\X64\DEBUG\DOCDATA.OBJ
C:\OBJECTARX LABS\ADSKENTITY\X64\DEBUG\ADSKADSKENTITY.ARX
C:\OBJECTARX LABS\ADSKENTITY\X64\DEBUG\ADSKADSKENTITY.PDB
C:\OBJECTARX LABS\ADSKENTITY\ADSKENTITY\X64\DEBUG\ADSKENTITY.RES
C:\ObjectARX Labs\ADSKEntity\ADSKEntity\x64\Debug\acrxEntryPoint.obj
C:\ObjectARX Labs\ADSKEntity\ADSKEntity\x64\Debug\ADSKEntity.obj
C:\ObjectARX Labs\ADSKEntity\ADSKEntity\x64\Debug\ADSKMyEntity.obj
C:\ObjectARX Labs\ADSKEntity\ADSKEntity\x64\Debug\DocData.obj
C:\ObjectARX Labs\ADSKEntity\ADSKEntity\x64\Debug\StdAfx.obj
C:\ObjectARX Labs\ADSKEntity\ADSKEntity\x64\Debug\ADSKEntity.write.1.tlog
C:\ObjectARX Labs\ADSKEntity\ADSKEntity\x64\Debug\cl.command.1.tlog
C:\ObjectARX Labs\ADSKEntity\ADSKEntity\x64\Debug\CL.read.1.tlog
C:\ObjectARX Labs\ADSKEntity\ADSKEntity\x64\Debug\CL.write.1.tlog
C:\ObjectARX Labs\ADSKEntity\ADSKEntity\x64\Debug\link-cvtres.read.1.tlog
C:\ObjectARX Labs\ADSKEntity\ADSKEntity\x64\Debug\link-cvtres.write.1.tlog
C:\ObjectARX Labs\ADSKEntity\ADSKEntity\x64\Debug\link-rc.read.1.tlog
C:\ObjectARX Labs\ADSKEntity\ADSKEntity\x64\Debug\link-rc.write.1.tlog
C:\ObjectARX Labs\ADSKEntity\ADSKEntity\x64\Debug\link.command.1.tlog
C:\ObjectARX Labs\ADSKEntity\ADSKEntity\x64\Debug\link.read.1.tlog
C:\ObjectARX Labs\ADSKEntity\ADSKEntity\x64\Debug\link.write.1.tlog
C:\ObjectARX Labs\ADSKEntity\ADSKEntity\x64\Debug\rc.command.1.tlog
C:\ObjectARX Labs\ADSKEntity\ADSKEntity\x64\Debug\rc.read.1.tlog
C:\ObjectARX Labs\ADSKEntity\ADSKEntity\x64\Debug\rc.write.1.tlog
C:\ObjectARX Labs\ADSKEntity\ADSKEntity\x64\Debug\ADSKEntity.res
C:\ObjectARX Labs\ADSKEntity\ADSKEntity\x64\Debug\ADSKEntity.pch
C:\ObjectARX Labs\ADSKEntity\ADSKEntity\x64\Debug\vc110.idb
C:\ObjectARX Labs\ADSKEntity\ADSKEntity\x64\Debug\vc110.pdb
C:\ObjectARX Labs\ADSKEntity\x64\Debug\ADSKADSKEntity.pdb
C:\ObjectARX Labs\ADSKEntity\x64\Debug\ADSKADSKEntity.arx
